<?xml version="1.0" encoding="UTF-8"?>
<testsuite xmlns:xsi="http://www.w3.org/2001/XMLSchema-instance" xsi:noNamespaceSchemaLocation="https://maven.apache.org/surefire/maven-surefire-plugin/xsd/surefire-test-report-3.0.xsd" version="3.0" name="com.example.RestaurantFinder.RestaurantFinderTests" time="3.08" tests="1" errors="0" skipped="0" failures="0">
  <properties>
    <property name="java.specification.version" value="22"/>
    <property name="sun.jnu.encoding" value="UTF-8"/>
    <property name="java.class.path" value="/Users/harshakata/Desktop/RestaurantFinder_/target/test-classes:/Users/harshakata/Desktop/RestaurantFinder_/target/classes:/Users/harshakata/.m2/repository/org/springframework/boot/spring-boot-starter-data-jpa/3.3.4/spring-boot-starter-data-jpa-3.3.4.jar:/Users/harshakata/.m2/repository/org/springframework/boot/spring-boot-starter-aop/3.3.4/spring-boot-starter-aop-3.3.4.jar:/Users/harshakata/.m2/repository/org/aspectj/aspectjweaver/1.9.22.1/aspectjweaver-1.9.22.1.jar:/Users/harshakata/.m2/repository/org/hibernate/orm/hibernate-core/6.5.3.Final/hibernate-core-6.5.3.Final.jar:/Users/harshakata/.m2/repository/jakarta/persistence/jakarta.persistence-api/3.1.0/jakarta.persistence-api-3.1.0.jar:/Users/harshakata/.m2/repository/jakarta/transaction/jakarta.transaction-api/2.0.1/jakarta.transaction-api-2.0.1.jar:/Users/harshakata/.m2/repository/org/jboss/logging/jboss-logging/3.5.3.Final/jboss-logging-3.5.3.Final.jar:/Users/harshakata/.m2/repository/org/hibernate/common/hibernate-commons-annotations/6.0.6.Final/hibernate-commons-annotations-6.0.6.Final.jar:/Users/harshakata/.m2/repository/io/smallrye/jandex/3.1.2/jandex-3.1.2.jar:/Users/harshakata/.m2/repository/com/fasterxml/classmate/1.7.0/classmate-1.7.0.jar:/Users/harshakata/.m2/repository/net/bytebuddy/byte-buddy/1.14.19/byte-buddy-1.14.19.jar:/Users/harshakata/.m2/repository/org/glassfish/jaxb/jaxb-runtime/4.0.5/jaxb-runtime-4.0.5.jar:/Users/harshakata/.m2/repository/org/glassfish/jaxb/jaxb-core/4.0.5/jaxb-core-4.0.5.jar:/Users/harshakata/.m2/repository/org/glassfish/jaxb/txw2/4.0.5/txw2-4.0.5.jar:/Users/harshakata/.m2/repository/com/sun/istack/istack-commons-runtime/4.1.2/istack-commons-runtime-4.1.2.jar:/Users/harshakata/.m2/repository/jakarta/inject/jakarta.inject-api/2.0.1/jakarta.inject-api-2.0.1.jar:/Users/harshakata/.m2/repository/org/antlr/antlr4-runtime/4.13.0/antlr4-runtime-4.13.0.jar:/Users/harshakata/.m2/repository/org/springframework/data/spring-data-jpa/3.3.4/spring-data-jpa-3.3.4.jar:/Users/harshakata/.m2/repository/org/springframework/data/spring-data-commons/3.3.4/spring-data-commons-3.3.4.jar:/Users/harshakata/.m2/repository/org/springframework/spring-orm/6.1.13/spring-orm-6.1.13.jar:/Users/harshakata/.m2/repository/org/springframework/spring-context/6.1.13/spring-context-6.1.13.jar:/Users/harshakata/.m2/repository/org/springframework/spring-tx/6.1.13/spring-tx-6.1.13.jar:/Users/harshakata/.m2/repository/org/springframework/spring-beans/6.1.13/spring-beans-6.1.13.jar:/Users/harshakata/.m2/repository/jakarta/annotation/jakarta.annotation-api/2.1.1/jakarta.annotation-api-2.1.1.jar:/Users/harshakata/.m2/repository/org/springframework/spring-aspects/6.1.13/spring-aspects-6.1.13.jar:/Users/harshakata/.m2/repository/org/springframework/boot/spring-boot-starter-jdbc/3.3.4/spring-boot-starter-jdbc-3.3.4.jar:/Users/harshakata/.m2/repository/org/springframework/boot/spring-boot-starter/3.3.4/spring-boot-starter-3.3.4.jar:/Users/harshakata/.m2/repository/org/springframework/boot/spring-boot/3.3.4/spring-boot-3.3.4.jar:/Users/harshakata/.m2/repository/org/springframework/boot/spring-boot-autoconfigure/3.3.4/spring-boot-autoconfigure-3.3.4.jar:/Users/harshakata/.m2/repository/org/springframework/boot/spring-boot-starter-logging/3.3.4/spring-boot-starter-logging-3.3.4.jar:/Users/harshakata/.m2/repository/ch/qos/logback/logback-classic/1.5.8/logback-classic-1.5.8.jar:/Users/harshakata/.m2/repository/ch/qos/logback/logback-core/1.5.8/logback-core-1.5.8.jar:/Users/harshakata/.m2/repository/org/apache/logging/log4j/log4j-to-slf4j/2.23.1/log4j-to-slf4j-2.23.1.jar:/Users/harshakata/.m2/repository/org/apache/logging/log4j/log4j-api/2.23.1/log4j-api-2.23.1.jar:/Users/harshakata/.m2/repository/org/slf4j/jul-to-slf4j/2.0.16/jul-to-slf4j-2.0.16.jar:/Users/harshakata/.m2/repository/org/yaml/snakeyaml/2.2/snakeyaml-2.2.jar:/Users/harshakata/.m2/repository/com/zaxxer/HikariCP/5.1.0/HikariCP-5.1.0.jar:/Users/harshakata/.m2/repository/org/springframework/spring-jdbc/6.1.13/spring-jdbc-6.1.13.jar:/Users/harshakata/.m2/repository/org/springframework/boot/spring-boot-starter-mail/3.3.4/spring-boot-starter-mail-3.3.4.jar:/Users/harshakata/.m2/repository/org/springframework/spring-context-support/6.1.13/spring-context-support-6.1.13.jar:/Users/harshakata/.m2/repository/org/eclipse/angus/jakarta.mail/2.0.3/jakarta.mail-2.0.3.jar:/Users/harshakata/.m2/repository/jakarta/activation/jakarta.activation-api/2.1.3/jakarta.activation-api-2.1.3.jar:/Users/harshakata/.m2/repository/org/eclipse/angus/angus-activation/2.0.2/angus-activation-2.0.2.jar:/Users/harshakata/.m2/repository/software/amazon/awssdk/s3/2.20.26/s3-2.20.26.jar:/Users/harshakata/.m2/repository/software/amazon/awssdk/aws-xml-protocol/2.20.26/aws-xml-protocol-2.20.26.jar:/Users/harshakata/.m2/repository/software/amazon/awssdk/aws-query-protocol/2.20.26/aws-query-protocol-2.20.26.jar:/Users/harshakata/.m2/repository/software/amazon/awssdk/protocol-core/2.20.26/protocol-core-2.20.26.jar:/Users/harshakata/.m2/repository/software/amazon/awssdk/arns/2.20.26/arns-2.20.26.jar:/Users/harshakata/.m2/repository/software/amazon/awssdk/profiles/2.20.26/profiles-2.20.26.jar:/Users/harshakata/.m2/repository/software/amazon/awssdk/sdk-core/2.20.26/sdk-core-2.20.26.jar:/Users/harshakata/.m2/repository/org/reactivestreams/reactive-streams/1.0.4/reactive-streams-1.0.4.jar:/Users/harshakata/.m2/repository/software/amazon/awssdk/http-client-spi/2.20.26/http-client-spi-2.20.26.jar:/Users/harshakata/.m2/repository/software/amazon/awssdk/regions/2.20.26/regions-2.20.26.jar:/Users/harshakata/.m2/repository/software/amazon/awssdk/annotations/2.20.26/annotations-2.20.26.jar:/Users/harshakata/.m2/repository/software/amazon/awssdk/utils/2.20.26/utils-2.20.26.jar:/Users/harshakata/.m2/repository/software/amazon/awssdk/aws-core/2.20.26/aws-core-2.20.26.jar:/Users/harshakata/.m2/repository/software/amazon/awssdk/metrics-spi/2.20.26/metrics-spi-2.20.26.jar:/Users/harshakata/.m2/repository/software/amazon/awssdk/json-utils/2.20.26/json-utils-2.20.26.jar:/Users/harshakata/.m2/repository/software/amazon/awssdk/third-party-jackson-core/2.20.26/third-party-jackson-core-2.20.26.jar:/Users/harshakata/.m2/repository/software/amazon/awssdk/endpoints-spi/2.20.26/endpoints-spi-2.20.26.jar:/Users/harshakata/.m2/repository/software/amazon/awssdk/apache-client/2.20.26/apache-client-2.20.26.jar:/Users/harshakata/.m2/repository/org/apache/httpcomponents/httpclient/4.5.13/httpclient-4.5.13.jar:/Users/harshakata/.m2/repository/commons-logging/commons-logging/1.2/commons-logging-1.2.jar:/Users/harshakata/.m2/repository/org/apache/httpcomponents/httpcore/4.4.16/httpcore-4.4.16.jar:/Users/harshakata/.m2/repository/commons-codec/commons-codec/1.16.1/commons-codec-1.16.1.jar:/Users/harshakata/.m2/repository/software/amazon/awssdk/netty-nio-client/2.20.26/netty-nio-client-2.20.26.jar:/Users/harshakata/.m2/repository/io/netty/netty-codec-http/4.1.113.Final/netty-codec-http-4.1.113.Final.jar:/Users/harshakata/.m2/repository/io/netty/netty-codec-http2/4.1.113.Final/netty-codec-http2-4.1.113.Final.jar:/Users/harshakata/.m2/repository/io/netty/netty-codec/4.1.113.Final/netty-codec-4.1.113.Final.jar:/Users/harshakata/.m2/repository/io/netty/netty-transport/4.1.113.Final/netty-transport-4.1.113.Final.jar:/Users/harshakata/.m2/repository/io/netty/netty-resolver/4.1.113.Final/netty-resolver-4.1.113.Final.jar:/Users/harshakata/.m2/repository/io/netty/netty-common/4.1.113.Final/netty-common-4.1.113.Final.jar:/Users/harshakata/.m2/repository/io/netty/netty-buffer/4.1.113.Final/netty-buffer-4.1.113.Final.jar:/Users/harshakata/.m2/repository/io/netty/netty-handler/4.1.113.Final/netty-handler-4.1.113.Final.jar:/Users/harshakata/.m2/repository/io/netty/netty-transport-native-unix-common/4.1.113.Final/netty-transport-native-unix-common-4.1.113.Final.jar:/Users/harshakata/.m2/repository/io/netty/netty-transport-classes-epoll/4.1.113.Final/netty-transport-classes-epoll-4.1.113.Final.jar:/Users/harshakata/.m2/repository/software/amazon/awssdk/auth/2.20.26/auth-2.20.26.jar:/Users/harshakata/.m2/repository/software/amazon/eventstream/eventstream/1.0.1/eventstream-1.0.1.jar:/Users/harshakata/.m2/repository/org/springframework/cloud/spring-cloud-starter-aws/2.2.6.RELEASE/spring-cloud-starter-aws-2.2.6.RELEASE.jar:/Users/harshakata/.m2/repository/org/springframework/cloud/spring-cloud-aws-context/2.2.6.RELEASE/spring-cloud-aws-context-2.2.6.RELEASE.jar:/Users/harshakata/.m2/repository/org/springframework/cloud/spring-cloud-aws-core/2.2.6.RELEASE/spring-cloud-aws-core-2.2.6.RELEASE.jar:/Users/harshakata/.m2/repository/com/amazonaws/aws-java-sdk-core/1.11.792/aws-java-sdk-core-1.11.792.jar:/Users/harshakata/.m2/repository/software/amazon/ion/ion-java/1.0.2/ion-java-1.0.2.jar:/Users/harshakata/.m2/repository/com/fasterxml/jackson/dataformat/jackson-dataformat-cbor/2.17.2/jackson-dataformat-cbor-2.17.2.jar:/Users/harshakata/.m2/repository/joda-time/joda-time/2.8.1/joda-time-2.8.1.jar:/Users/harshakata/.m2/repository/com/amazonaws/aws-java-sdk-s3/1.11.792/aws-java-sdk-s3-1.11.792.jar:/Users/harshakata/.m2/repository/com/amazonaws/aws-java-sdk-kms/1.11.792/aws-java-sdk-kms-1.11.792.jar:/Users/harshakata/.m2/repository/com/amazonaws/jmespath-java/1.11.792/jmespath-java-1.11.792.jar:/Users/harshakata/.m2/repository/com/amazonaws/aws-java-sdk-ec2/1.11.792/aws-java-sdk-ec2-1.11.792.jar:/Users/harshakata/.m2/repository/com/amazonaws/aws-java-sdk-cloudformation/1.11.792/aws-java-sdk-cloudformation-1.11.792.jar:/Users/harshakata/.m2/repository/org/springframework/cloud/spring-cloud-aws-autoconfigure/2.2.6.RELEASE/spring-cloud-aws-autoconfigure-2.2.6.RELEASE.jar:/Users/harshakata/.m2/repository/org/slf4j/slf4j-api/2.0.16/slf4j-api-2.0.16.jar:/Users/harshakata/.m2/repository/javax/activation/javax.activation-api/1.2.0/javax.activation-api-1.2.0.jar:/Users/harshakata/.m2/repository/org/springframework/boot/spring-boot-starter-web/3.3.4/spring-boot-starter-web-3.3.4.jar:/Users/harshakata/.m2/repository/org/springframework/boot/spring-boot-starter-json/3.3.4/spring-boot-starter-json-3.3.4.jar:/Users/harshakata/.m2/repository/com/fasterxml/jackson/datatype/jackson-datatype-jdk8/2.17.2/jackson-datatype-jdk8-2.17.2.jar:/Users/harshakata/.m2/repository/com/fasterxml/jackson/datatype/jackson-datatype-jsr310/2.17.2/jackson-datatype-jsr310-2.17.2.jar:/Users/harshakata/.m2/repository/com/fasterxml/jackson/module/jackson-module-parameter-names/2.17.2/jackson-module-parameter-names-2.17.2.jar:/Users/harshakata/.m2/repository/org/springframework/boot/spring-boot-starter-tomcat/3.3.4/spring-boot-starter-tomcat-3.3.4.jar:/Users/harshakata/.m2/repository/org/apache/tomcat/embed/tomcat-embed-core/10.1.30/tomcat-embed-core-10.1.30.jar:/Users/harshakata/.m2/repository/org/apache/tomcat/embed/tomcat-embed-el/10.1.30/tomcat-embed-el-10.1.30.jar:/Users/harshakata/.m2/repository/org/apache/tomcat/embed/tomcat-embed-websocket/10.1.30/tomcat-embed-websocket-10.1.30.jar:/Users/harshakata/.m2/repository/org/springframework/spring-web/6.1.13/spring-web-6.1.13.jar:/Users/harshakata/.m2/repository/io/micrometer/micrometer-observation/1.13.4/micrometer-observation-1.13.4.jar:/Users/harshakata/.m2/repository/io/micrometer/micrometer-commons/1.13.4/micrometer-commons-1.13.4.jar:/Users/harshakata/.m2/repository/org/springframework/spring-webmvc/6.1.13/spring-webmvc-6.1.13.jar:/Users/harshakata/.m2/repository/org/springframework/spring-expression/6.1.13/spring-expression-6.1.13.jar:/Users/harshakata/.m2/repository/com/mysql/mysql-connector-j/8.3.0/mysql-connector-j-8.3.0.jar:/Users/harshakata/.m2/repository/org/projectlombok/lombok/1.18.34/lombok-1.18.34.jar:/Users/harshakata/.m2/repository/org/springframework/boot/spring-boot-starter-test/3.3.4/spring-boot-starter-test-3.3.4.jar:/Users/harshakata/.m2/repository/org/springframework/boot/spring-boot-test/3.3.4/spring-boot-test-3.3.4.jar:/Users/harshakata/.m2/repository/org/springframework/boot/spring-boot-test-autoconfigure/3.3.4/spring-boot-test-autoconfigure-3.3.4.jar:/Users/harshakata/.m2/repository/com/jayway/jsonpath/json-path/2.9.0/json-path-2.9.0.jar:/Users/harshakata/.m2/repository/jakarta/xml/bind/jakarta.xml.bind-api/4.0.2/jakarta.xml.bind-api-4.0.2.jar:/Users/harshakata/.m2/repository/net/minidev/json-smart/2.5.1/json-smart-2.5.1.jar:/Users/harshakata/.m2/repository/net/minidev/accessors-smart/2.5.1/accessors-smart-2.5.1.jar:/Users/harshakata/.m2/repository/org/ow2/asm/asm/9.6/asm-9.6.jar:/Users/harshakata/.m2/repository/org/assertj/assertj-core/3.25.3/assertj-core-3.25.3.jar:/Users/harshakata/.m2/repository/org/awaitility/awaitility/4.2.2/awaitility-4.2.2.jar:/Users/harshakata/.m2/repository/org/hamcrest/hamcrest/2.2/hamcrest-2.2.jar:/Users/harshakata/.m2/repository/org/junit/jupiter/junit-jupiter/5.10.3/junit-jupiter-5.10.3.jar:/Users/harshakata/.m2/repository/org/junit/jupiter/junit-jupiter-api/5.10.3/junit-jupiter-api-5.10.3.jar:/Users/harshakata/.m2/repository/org/opentest4j/opentest4j/1.3.0/opentest4j-1.3.0.jar:/Users/harshakata/.m2/repository/org/junit/platform/junit-platform-commons/1.10.3/junit-platform-commons-1.10.3.jar:/Users/harshakata/.m2/repository/org/apiguardian/apiguardian-api/1.1.2/apiguardian-api-1.1.2.jar:/Users/harshakata/.m2/repository/org/junit/jupiter/junit-jupiter-params/5.10.3/junit-jupiter-params-5.10.3.jar:/Users/harshakata/.m2/repository/org/junit/jupiter/junit-jupiter-engine/5.10.3/junit-jupiter-engine-5.10.3.jar:/Users/harshakata/.m2/repository/org/junit/platform/junit-platform-engine/1.10.3/junit-platform-engine-1.10.3.jar:/Users/harshakata/.m2/repository/org/mockito/mockito-core/5.11.0/mockito-core-5.11.0.jar:/Users/harshakata/.m2/repository/net/bytebuddy/byte-buddy-agent/1.14.19/byte-buddy-agent-1.14.19.jar:/Users/harshakata/.m2/repository/org/objenesis/objenesis/3.3/objenesis-3.3.jar:/Users/harshakata/.m2/repository/org/mockito/mockito-junit-jupiter/5.11.0/mockito-junit-jupiter-5.11.0.jar:/Users/harshakata/.m2/repository/org/skyscreamer/jsonassert/1.5.3/jsonassert-1.5.3.jar:/Users/harshakata/.m2/repository/com/vaadin/external/google/android-json/0.0.20131108.vaadin1/android-json-0.0.20131108.vaadin1.jar:/Users/harshakata/.m2/repository/org/springframework/spring-core/6.1.13/spring-core-6.1.13.jar:/Users/harshakata/.m2/repository/org/springframework/spring-jcl/6.1.13/spring-jcl-6.1.13.jar:/Users/harshakata/.m2/repository/org/springframework/spring-test/6.1.13/spring-test-6.1.13.jar:/Users/harshakata/.m2/repository/org/xmlunit/xmlunit-core/2.9.1/xmlunit-core-2.9.1.jar:/Users/harshakata/.m2/repository/org/springframework/boot/spring-boot-starter-security/3.3.4/spring-boot-starter-security-3.3.4.jar:/Users/harshakata/.m2/repository/org/springframework/spring-aop/6.1.13/spring-aop-6.1.13.jar:/Users/harshakata/.m2/repository/org/springframework/security/spring-security-config/6.3.3/spring-security-config-6.3.3.jar:/Users/harshakata/.m2/repository/org/springframework/security/spring-security-core/6.3.3/spring-security-core-6.3.3.jar:/Users/harshakata/.m2/repository/org/springframework/security/spring-security-crypto/6.3.3/spring-security-crypto-6.3.3.jar:/Users/harshakata/.m2/repository/org/springframework/security/spring-security-web/6.3.3/spring-security-web-6.3.3.jar:/Users/harshakata/.m2/repository/javax/servlet/javax.servlet-api/4.0.1/javax.servlet-api-4.0.1.jar:/Users/harshakata/.m2/repository/javax/javaee-api/8.0.1/javaee-api-8.0.1.jar:/Users/harshakata/.m2/repository/com/sun/mail/javax.mail/1.6.2/javax.mail-1.6.2.jar:/Users/harshakata/.m2/repository/javax/activation/activation/1.1/activation-1.1.jar:/Users/harshakata/.m2/repository/io/jsonwebtoken/jjwt-api/0.11.5/jjwt-api-0.11.5.jar:/Users/harshakata/.m2/repository/io/jsonwebtoken/jjwt-impl/0.11.5/jjwt-impl-0.11.5.jar:/Users/harshakata/.m2/repository/io/jsonwebtoken/jjwt-jackson/0.11.5/jjwt-jackson-0.11.5.jar:/Users/harshakata/.m2/repository/org/springframework/boot/spring-boot-starter-webflux/3.3.4/spring-boot-starter-webflux-3.3.4.jar:/Users/harshakata/.m2/repository/org/springframework/boot/spring-boot-starter-reactor-netty/3.3.4/spring-boot-starter-reactor-netty-3.3.4.jar:/Users/harshakata/.m2/repository/io/projectreactor/netty/reactor-netty-http/1.1.22/reactor-netty-http-1.1.22.jar:/Users/harshakata/.m2/repository/io/netty/netty-resolver-dns/4.1.113.Final/netty-resolver-dns-4.1.113.Final.jar:/Users/harshakata/.m2/repository/io/netty/netty-codec-dns/4.1.113.Final/netty-codec-dns-4.1.113.Final.jar:/Users/harshakata/.m2/repository/io/netty/netty-resolver-dns-native-macos/4.1.113.Final/netty-resolver-dns-native-macos-4.1.113.Final-osx-x86_64.jar:/Users/harshakata/.m2/repository/io/netty/netty-resolver-dns-classes-macos/4.1.113.Final/netty-resolver-dns-classes-macos-4.1.113.Final.jar:/Users/harshakata/.m2/repository/io/netty/netty-transport-native-epoll/4.1.113.Final/netty-transport-native-epoll-4.1.113.Final-linux-x86_64.jar:/Users/harshakata/.m2/repository/io/projectreactor/netty/reactor-netty-core/1.1.22/reactor-netty-core-1.1.22.jar:/Users/harshakata/.m2/repository/io/netty/netty-handler-proxy/4.1.113.Final/netty-handler-proxy-4.1.113.Final.jar:/Users/harshakata/.m2/repository/io/netty/netty-codec-socks/4.1.113.Final/netty-codec-socks-4.1.113.Final.jar:/Users/harshakata/.m2/repository/org/springframework/spring-webflux/6.1.13/spring-webflux-6.1.13.jar:/Users/harshakata/.m2/repository/io/projectreactor/reactor-core/3.6.10/reactor-core-3.6.10.jar:/Users/harshakata/.m2/repository/com/fasterxml/jackson/core/jackson-databind/2.17.2/jackson-databind-2.17.2.jar:/Users/harshakata/.m2/repository/com/fasterxml/jackson/core/jackson-annotations/2.17.2/jackson-annotations-2.17.2.jar:/Users/harshakata/.m2/repository/com/fasterxml/jackson/core/jackson-core/2.17.2/jackson-core-2.17.2.jar:/Users/harshakata/.m2/repository/org/springframework/boot/spring-boot-starter-cache/3.3.4/spring-boot-starter-cache-3.3.4.jar:"/>
    <property name="java.vm.vendor" value="Oracle Corporation"/>
    <property name="sun.arch.data.model" value="64"/>
    <property name="java.vendor.url" value="https://java.oracle.com/"/>
    <property name="user.timezone" value="America/Los_Angeles"/>
    <property name="org.jboss.logging.provider" value="slf4j"/>
    <property name="os.name" value="Mac OS X"/>
    <property name="java.vm.specification.version" value="22"/>
    <property name="sun.java.launcher" value="SUN_STANDARD"/>
    <property name="user.country" value="US"/>
    <property name="sun.boot.library.path" value="/Library/Java/JavaVirtualMachines/jdk-22.jdk/Contents/Home/lib"/>
    <property name="sun.java.command" value="/Users/harshakata/Desktop/RestaurantFinder_/target/surefire/surefirebooter-20241206104419111_3.jar /Users/harshakata/Desktop/RestaurantFinder_/target/surefire 2024-12-06T10-44-19_076-jvmRun1 surefire-20241206104419111_1tmp surefire_0-20241206104419111_2tmp"/>
    <property name="http.nonProxyHosts" value="local|*.local|169.254/16|*.169.254/16"/>
    <property name="jdk.debug" value="release"/>
    <property name="surefire.test.class.path" value="/Users/harshakata/Desktop/RestaurantFinder_/target/test-classes:/Users/harshakata/Desktop/RestaurantFinder_/target/classes:/Users/harshakata/.m2/repository/org/springframework/boot/spring-boot-starter-data-jpa/3.3.4/spring-boot-starter-data-jpa-3.3.4.jar:/Users/harshakata/.m2/repository/org/springframework/boot/spring-boot-starter-aop/3.3.4/spring-boot-starter-aop-3.3.4.jar:/Users/harshakata/.m2/repository/org/aspectj/aspectjweaver/1.9.22.1/aspectjweaver-1.9.22.1.jar:/Users/harshakata/.m2/repository/org/hibernate/orm/hibernate-core/6.5.3.Final/hibernate-core-6.5.3.Final.jar:/Users/harshakata/.m2/repository/jakarta/persistence/jakarta.persistence-api/3.1.0/jakarta.persistence-api-3.1.0.jar:/Users/harshakata/.m2/repository/jakarta/transaction/jakarta.transaction-api/2.0.1/jakarta.transaction-api-2.0.1.jar:/Users/harshakata/.m2/repository/org/jboss/logging/jboss-logging/3.5.3.Final/jboss-logging-3.5.3.Final.jar:/Users/harshakata/.m2/repository/org/hibernate/common/hibernate-commons-annotations/6.0.6.Final/hibernate-commons-annotations-6.0.6.Final.jar:/Users/harshakata/.m2/repository/io/smallrye/jandex/3.1.2/jandex-3.1.2.jar:/Users/harshakata/.m2/repository/com/fasterxml/classmate/1.7.0/classmate-1.7.0.jar:/Users/harshakata/.m2/repository/net/bytebuddy/byte-buddy/1.14.19/byte-buddy-1.14.19.jar:/Users/harshakata/.m2/repository/org/glassfish/jaxb/jaxb-runtime/4.0.5/jaxb-runtime-4.0.5.jar:/Users/harshakata/.m2/repository/org/glassfish/jaxb/jaxb-core/4.0.5/jaxb-core-4.0.5.jar:/Users/harshakata/.m2/repository/org/glassfish/jaxb/txw2/4.0.5/txw2-4.0.5.jar:/Users/harshakata/.m2/repository/com/sun/istack/istack-commons-runtime/4.1.2/istack-commons-runtime-4.1.2.jar:/Users/harshakata/.m2/repository/jakarta/inject/jakarta.inject-api/2.0.1/jakarta.inject-api-2.0.1.jar:/Users/harshakata/.m2/repository/org/antlr/antlr4-runtime/4.13.0/antlr4-runtime-4.13.0.jar:/Users/harshakata/.m2/repository/org/springframework/data/spring-data-jpa/3.3.4/spring-data-jpa-3.3.4.jar:/Users/harshakata/.m2/repository/org/springframework/data/spring-data-commons/3.3.4/spring-data-commons-3.3.4.jar:/Users/harshakata/.m2/repository/org/springframework/spring-orm/6.1.13/spring-orm-6.1.13.jar:/Users/harshakata/.m2/repository/org/springframework/spring-context/6.1.13/spring-context-6.1.13.jar:/Users/harshakata/.m2/repository/org/springframework/spring-tx/6.1.13/spring-tx-6.1.13.jar:/Users/harshakata/.m2/repository/org/springframework/spring-beans/6.1.13/spring-beans-6.1.13.jar:/Users/harshakata/.m2/repository/jakarta/annotation/jakarta.annotation-api/2.1.1/jakarta.annotation-api-2.1.1.jar:/Users/harshakata/.m2/repository/org/springframework/spring-aspects/6.1.13/spring-aspects-6.1.13.jar:/Users/harshakata/.m2/repository/org/springframework/boot/spring-boot-starter-jdbc/3.3.4/spring-boot-starter-jdbc-3.3.4.jar:/Users/harshakata/.m2/repository/org/springframework/boot/spring-boot-starter/3.3.4/spring-boot-starter-3.3.4.jar:/Users/harshakata/.m2/repository/org/springframework/boot/spring-boot/3.3.4/spring-boot-3.3.4.jar:/Users/harshakata/.m2/repository/org/springframework/boot/spring-boot-autoconfigure/3.3.4/spring-boot-autoconfigure-3.3.4.jar:/Users/harshakata/.m2/repository/org/springframework/boot/spring-boot-starter-logging/3.3.4/spring-boot-starter-logging-3.3.4.jar:/Users/harshakata/.m2/repository/ch/qos/logback/logback-classic/1.5.8/logback-classic-1.5.8.jar:/Users/harshakata/.m2/repository/ch/qos/logback/logback-core/1.5.8/logback-core-1.5.8.jar:/Users/harshakata/.m2/repository/org/apache/logging/log4j/log4j-to-slf4j/2.23.1/log4j-to-slf4j-2.23.1.jar:/Users/harshakata/.m2/repository/org/apache/logging/log4j/log4j-api/2.23.1/log4j-api-2.23.1.jar:/Users/harshakata/.m2/repository/org/slf4j/jul-to-slf4j/2.0.16/jul-to-slf4j-2.0.16.jar:/Users/harshakata/.m2/repository/org/yaml/snakeyaml/2.2/snakeyaml-2.2.jar:/Users/harshakata/.m2/repository/com/zaxxer/HikariCP/5.1.0/HikariCP-5.1.0.jar:/Users/harshakata/.m2/repository/org/springframework/spring-jdbc/6.1.13/spring-jdbc-6.1.13.jar:/Users/harshakata/.m2/repository/org/springframework/boot/spring-boot-starter-mail/3.3.4/spring-boot-starter-mail-3.3.4.jar:/Users/harshakata/.m2/repository/org/springframework/spring-context-support/6.1.13/spring-context-support-6.1.13.jar:/Users/harshakata/.m2/repository/org/eclipse/angus/jakarta.mail/2.0.3/jakarta.mail-2.0.3.jar:/Users/harshakata/.m2/repository/jakarta/activation/jakarta.activation-api/2.1.3/jakarta.activation-api-2.1.3.jar:/Users/harshakata/.m2/repository/org/eclipse/angus/angus-activation/2.0.2/angus-activation-2.0.2.jar:/Users/harshakata/.m2/repository/software/amazon/awssdk/s3/2.20.26/s3-2.20.26.jar:/Users/harshakata/.m2/repository/software/amazon/awssdk/aws-xml-protocol/2.20.26/aws-xml-protocol-2.20.26.jar:/Users/harshakata/.m2/repository/software/amazon/awssdk/aws-query-protocol/2.20.26/aws-query-protocol-2.20.26.jar:/Users/harshakata/.m2/repository/software/amazon/awssdk/protocol-core/2.20.26/protocol-core-2.20.26.jar:/Users/harshakata/.m2/repository/software/amazon/awssdk/arns/2.20.26/arns-2.20.26.jar:/Users/harshakata/.m2/repository/software/amazon/awssdk/profiles/2.20.26/profiles-2.20.26.jar:/Users/harshakata/.m2/repository/software/amazon/awssdk/sdk-core/2.20.26/sdk-core-2.20.26.jar:/Users/harshakata/.m2/repository/org/reactivestreams/reactive-streams/1.0.4/reactive-streams-1.0.4.jar:/Users/harshakata/.m2/repository/software/amazon/awssdk/http-client-spi/2.20.26/http-client-spi-2.20.26.jar:/Users/harshakata/.m2/repository/software/amazon/awssdk/regions/2.20.26/regions-2.20.26.jar:/Users/harshakata/.m2/repository/software/amazon/awssdk/annotations/2.20.26/annotations-2.20.26.jar:/Users/harshakata/.m2/repository/software/amazon/awssdk/utils/2.20.26/utils-2.20.26.jar:/Users/harshakata/.m2/repository/software/amazon/awssdk/aws-core/2.20.26/aws-core-2.20.26.jar:/Users/harshakata/.m2/repository/software/amazon/awssdk/metrics-spi/2.20.26/metrics-spi-2.20.26.jar:/Users/harshakata/.m2/repository/software/amazon/awssdk/json-utils/2.20.26/json-utils-2.20.26.jar:/Users/harshakata/.m2/repository/software/amazon/awssdk/third-party-jackson-core/2.20.26/third-party-jackson-core-2.20.26.jar:/Users/harshakata/.m2/repository/software/amazon/awssdk/endpoints-spi/2.20.26/endpoints-spi-2.20.26.jar:/Users/harshakata/.m2/repository/software/amazon/awssdk/apache-client/2.20.26/apache-client-2.20.26.jar:/Users/harshakata/.m2/repository/org/apache/httpcomponents/httpclient/4.5.13/httpclient-4.5.13.jar:/Users/harshakata/.m2/repository/commons-logging/commons-logging/1.2/commons-logging-1.2.jar:/Users/harshakata/.m2/repository/org/apache/httpcomponents/httpcore/4.4.16/httpcore-4.4.16.jar:/Users/harshakata/.m2/repository/commons-codec/commons-codec/1.16.1/commons-codec-1.16.1.jar:/Users/harshakata/.m2/repository/software/amazon/awssdk/netty-nio-client/2.20.26/netty-nio-client-2.20.26.jar:/Users/harshakata/.m2/repository/io/netty/netty-codec-http/4.1.113.Final/netty-codec-http-4.1.113.Final.jar:/Users/harshakata/.m2/repository/io/netty/netty-codec-http2/4.1.113.Final/netty-codec-http2-4.1.113.Final.jar:/Users/harshakata/.m2/repository/io/netty/netty-codec/4.1.113.Final/netty-codec-4.1.113.Final.jar:/Users/harshakata/.m2/repository/io/netty/netty-transport/4.1.113.Final/netty-transport-4.1.113.Final.jar:/Users/harshakata/.m2/repository/io/netty/netty-resolver/4.1.113.Final/netty-resolver-4.1.113.Final.jar:/Users/harshakata/.m2/repository/io/netty/netty-common/4.1.113.Final/netty-common-4.1.113.Final.jar:/Users/harshakata/.m2/repository/io/netty/netty-buffer/4.1.113.Final/netty-buffer-4.1.113.Final.jar:/Users/harshakata/.m2/repository/io/netty/netty-handler/4.1.113.Final/netty-handler-4.1.113.Final.jar:/Users/harshakata/.m2/repository/io/netty/netty-transport-native-unix-common/4.1.113.Final/netty-transport-native-unix-common-4.1.113.Final.jar:/Users/harshakata/.m2/repository/io/netty/netty-transport-classes-epoll/4.1.113.Final/netty-transport-classes-epoll-4.1.113.Final.jar:/Users/harshakata/.m2/repository/software/amazon/awssdk/auth/2.20.26/auth-2.20.26.jar:/Users/harshakata/.m2/repository/software/amazon/eventstream/eventstream/1.0.1/eventstream-1.0.1.jar:/Users/harshakata/.m2/repository/org/springframework/cloud/spring-cloud-starter-aws/2.2.6.RELEASE/spring-cloud-starter-aws-2.2.6.RELEASE.jar:/Users/harshakata/.m2/repository/org/springframework/cloud/spring-cloud-aws-context/2.2.6.RELEASE/spring-cloud-aws-context-2.2.6.RELEASE.jar:/Users/harshakata/.m2/repository/org/springframework/cloud/spring-cloud-aws-core/2.2.6.RELEASE/spring-cloud-aws-core-2.2.6.RELEASE.jar:/Users/harshakata/.m2/repository/com/amazonaws/aws-java-sdk-core/1.11.792/aws-java-sdk-core-1.11.792.jar:/Users/harshakata/.m2/repository/software/amazon/ion/ion-java/1.0.2/ion-java-1.0.2.jar:/Users/harshakata/.m2/repository/com/fasterxml/jackson/dataformat/jackson-dataformat-cbor/2.17.2/jackson-dataformat-cbor-2.17.2.jar:/Users/harshakata/.m2/repository/joda-time/joda-time/2.8.1/joda-time-2.8.1.jar:/Users/harshakata/.m2/repository/com/amazonaws/aws-java-sdk-s3/1.11.792/aws-java-sdk-s3-1.11.792.jar:/Users/harshakata/.m2/repository/com/amazonaws/aws-java-sdk-kms/1.11.792/aws-java-sdk-kms-1.11.792.jar:/Users/harshakata/.m2/repository/com/amazonaws/jmespath-java/1.11.792/jmespath-java-1.11.792.jar:/Users/harshakata/.m2/repository/com/amazonaws/aws-java-sdk-ec2/1.11.792/aws-java-sdk-ec2-1.11.792.jar:/Users/harshakata/.m2/repository/com/amazonaws/aws-java-sdk-cloudformation/1.11.792/aws-java-sdk-cloudformation-1.11.792.jar:/Users/harshakata/.m2/repository/org/springframework/cloud/spring-cloud-aws-autoconfigure/2.2.6.RELEASE/spring-cloud-aws-autoconfigure-2.2.6.RELEASE.jar:/Users/harshakata/.m2/repository/org/slf4j/slf4j-api/2.0.16/slf4j-api-2.0.16.jar:/Users/harshakata/.m2/repository/javax/activation/javax.activation-api/1.2.0/javax.activation-api-1.2.0.jar:/Users/harshakata/.m2/repository/org/springframework/boot/spring-boot-starter-web/3.3.4/spring-boot-starter-web-3.3.4.jar:/Users/harshakata/.m2/repository/org/springframework/boot/spring-boot-starter-json/3.3.4/spring-boot-starter-json-3.3.4.jar:/Users/harshakata/.m2/repository/com/fasterxml/jackson/datatype/jackson-datatype-jdk8/2.17.2/jackson-datatype-jdk8-2.17.2.jar:/Users/harshakata/.m2/repository/com/fasterxml/jackson/datatype/jackson-datatype-jsr310/2.17.2/jackson-datatype-jsr310-2.17.2.jar:/Users/harshakata/.m2/repository/com/fasterxml/jackson/module/jackson-module-parameter-names/2.17.2/jackson-module-parameter-names-2.17.2.jar:/Users/harshakata/.m2/repository/org/springframework/boot/spring-boot-starter-tomcat/3.3.4/spring-boot-starter-tomcat-3.3.4.jar:/Users/harshakata/.m2/repository/org/apache/tomcat/embed/tomcat-embed-core/10.1.30/tomcat-embed-core-10.1.30.jar:/Users/harshakata/.m2/repository/org/apache/tomcat/embed/tomcat-embed-el/10.1.30/tomcat-embed-el-10.1.30.jar:/Users/harshakata/.m2/repository/org/apache/tomcat/embed/tomcat-embed-websocket/10.1.30/tomcat-embed-websocket-10.1.30.jar:/Users/harshakata/.m2/repository/org/springframework/spring-web/6.1.13/spring-web-6.1.13.jar:/Users/harshakata/.m2/repository/io/micrometer/micrometer-observation/1.13.4/micrometer-observation-1.13.4.jar:/Users/harshakata/.m2/repository/io/micrometer/micrometer-commons/1.13.4/micrometer-commons-1.13.4.jar:/Users/harshakata/.m2/repository/org/springframework/spring-webmvc/6.1.13/spring-webmvc-6.1.13.jar:/Users/harshakata/.m2/repository/org/springframework/spring-expression/6.1.13/spring-expression-6.1.13.jar:/Users/harshakata/.m2/repository/com/mysql/mysql-connector-j/8.3.0/mysql-connector-j-8.3.0.jar:/Users/harshakata/.m2/repository/org/projectlombok/lombok/1.18.34/lombok-1.18.34.jar:/Users/harshakata/.m2/repository/org/springframework/boot/spring-boot-starter-test/3.3.4/spring-boot-starter-test-3.3.4.jar:/Users/harshakata/.m2/repository/org/springframework/boot/spring-boot-test/3.3.4/spring-boot-test-3.3.4.jar:/Users/harshakata/.m2/repository/org/springframework/boot/spring-boot-test-autoconfigure/3.3.4/spring-boot-test-autoconfigure-3.3.4.jar:/Users/harshakata/.m2/repository/com/jayway/jsonpath/json-path/2.9.0/json-path-2.9.0.jar:/Users/harshakata/.m2/repository/jakarta/xml/bind/jakarta.xml.bind-api/4.0.2/jakarta.xml.bind-api-4.0.2.jar:/Users/harshakata/.m2/repository/net/minidev/json-smart/2.5.1/json-smart-2.5.1.jar:/Users/harshakata/.m2/repository/net/minidev/accessors-smart/2.5.1/accessors-smart-2.5.1.jar:/Users/harshakata/.m2/repository/org/ow2/asm/asm/9.6/asm-9.6.jar:/Users/harshakata/.m2/repository/org/assertj/assertj-core/3.25.3/assertj-core-3.25.3.jar:/Users/harshakata/.m2/repository/org/awaitility/awaitility/4.2.2/awaitility-4.2.2.jar:/Users/harshakata/.m2/repository/org/hamcrest/hamcrest/2.2/hamcrest-2.2.jar:/Users/harshakata/.m2/repository/org/junit/jupiter/junit-jupiter/5.10.3/junit-jupiter-5.10.3.jar:/Users/harshakata/.m2/repository/org/junit/jupiter/junit-jupiter-api/5.10.3/junit-jupiter-api-5.10.3.jar:/Users/harshakata/.m2/repository/org/opentest4j/opentest4j/1.3.0/opentest4j-1.3.0.jar:/Users/harshakata/.m2/repository/org/junit/platform/junit-platform-commons/1.10.3/junit-platform-commons-1.10.3.jar:/Users/harshakata/.m2/repository/org/apiguardian/apiguardian-api/1.1.2/apiguardian-api-1.1.2.jar:/Users/harshakata/.m2/repository/org/junit/jupiter/junit-jupiter-params/5.10.3/junit-jupiter-params-5.10.3.jar:/Users/harshakata/.m2/repository/org/junit/jupiter/junit-jupiter-engine/5.10.3/junit-jupiter-engine-5.10.3.jar:/Users/harshakata/.m2/repository/org/junit/platform/junit-platform-engine/1.10.3/junit-platform-engine-1.10.3.jar:/Users/harshakata/.m2/repository/org/mockito/mockito-core/5.11.0/mockito-core-5.11.0.jar:/Users/harshakata/.m2/repository/net/bytebuddy/byte-buddy-agent/1.14.19/byte-buddy-agent-1.14.19.jar:/Users/harshakata/.m2/repository/org/objenesis/objenesis/3.3/objenesis-3.3.jar:/Users/harshakata/.m2/repository/org/mockito/mockito-junit-jupiter/5.11.0/mockito-junit-jupiter-5.11.0.jar:/Users/harshakata/.m2/repository/org/skyscreamer/jsonassert/1.5.3/jsonassert-1.5.3.jar:/Users/harshakata/.m2/repository/com/vaadin/external/google/android-json/0.0.20131108.vaadin1/android-json-0.0.20131108.vaadin1.jar:/Users/harshakata/.m2/repository/org/springframework/spring-core/6.1.13/spring-core-6.1.13.jar:/Users/harshakata/.m2/repository/org/springframework/spring-jcl/6.1.13/spring-jcl-6.1.13.jar:/Users/harshakata/.m2/repository/org/springframework/spring-test/6.1.13/spring-test-6.1.13.jar:/Users/harshakata/.m2/repository/org/xmlunit/xmlunit-core/2.9.1/xmlunit-core-2.9.1.jar:/Users/harshakata/.m2/repository/org/springframework/boot/spring-boot-starter-security/3.3.4/spring-boot-starter-security-3.3.4.jar:/Users/harshakata/.m2/repository/org/springframework/spring-aop/6.1.13/spring-aop-6.1.13.jar:/Users/harshakata/.m2/repository/org/springframework/security/spring-security-config/6.3.3/spring-security-config-6.3.3.jar:/Users/harshakata/.m2/repository/org/springframework/security/spring-security-core/6.3.3/spring-security-core-6.3.3.jar:/Users/harshakata/.m2/repository/org/springframework/security/spring-security-crypto/6.3.3/spring-security-crypto-6.3.3.jar:/Users/harshakata/.m2/repository/org/springframework/security/spring-security-web/6.3.3/spring-security-web-6.3.3.jar:/Users/harshakata/.m2/repository/javax/servlet/javax.servlet-api/4.0.1/javax.servlet-api-4.0.1.jar:/Users/harshakata/.m2/repository/javax/javaee-api/8.0.1/javaee-api-8.0.1.jar:/Users/harshakata/.m2/repository/com/sun/mail/javax.mail/1.6.2/javax.mail-1.6.2.jar:/Users/harshakata/.m2/repository/javax/activation/activation/1.1/activation-1.1.jar:/Users/harshakata/.m2/repository/io/jsonwebtoken/jjwt-api/0.11.5/jjwt-api-0.11.5.jar:/Users/harshakata/.m2/repository/io/jsonwebtoken/jjwt-impl/0.11.5/jjwt-impl-0.11.5.jar:/Users/harshakata/.m2/repository/io/jsonwebtoken/jjwt-jackson/0.11.5/jjwt-jackson-0.11.5.jar:/Users/harshakata/.m2/repository/org/springframework/boot/spring-boot-starter-webflux/3.3.4/spring-boot-starter-webflux-3.3.4.jar:/Users/harshakata/.m2/repository/org/springframework/boot/spring-boot-starter-reactor-netty/3.3.4/spring-boot-starter-reactor-netty-3.3.4.jar:/Users/harshakata/.m2/repository/io/projectreactor/netty/reactor-netty-http/1.1.22/reactor-netty-http-1.1.22.jar:/Users/harshakata/.m2/repository/io/netty/netty-resolver-dns/4.1.113.Final/netty-resolver-dns-4.1.113.Final.jar:/Users/harshakata/.m2/repository/io/netty/netty-codec-dns/4.1.113.Final/netty-codec-dns-4.1.113.Final.jar:/Users/harshakata/.m2/repository/io/netty/netty-resolver-dns-native-macos/4.1.113.Final/netty-resolver-dns-native-macos-4.1.113.Final-osx-x86_64.jar:/Users/harshakata/.m2/repository/io/netty/netty-resolver-dns-classes-macos/4.1.113.Final/netty-resolver-dns-classes-macos-4.1.113.Final.jar:/Users/harshakata/.m2/repository/io/netty/netty-transport-native-epoll/4.1.113.Final/netty-transport-native-epoll-4.1.113.Final-linux-x86_64.jar:/Users/harshakata/.m2/repository/io/projectreactor/netty/reactor-netty-core/1.1.22/reactor-netty-core-1.1.22.jar:/Users/harshakata/.m2/repository/io/netty/netty-handler-proxy/4.1.113.Final/netty-handler-proxy-4.1.113.Final.jar:/Users/harshakata/.m2/repository/io/netty/netty-codec-socks/4.1.113.Final/netty-codec-socks-4.1.113.Final.jar:/Users/harshakata/.m2/repository/org/springframework/spring-webflux/6.1.13/spring-webflux-6.1.13.jar:/Users/harshakata/.m2/repository/io/projectreactor/reactor-core/3.6.10/reactor-core-3.6.10.jar:/Users/harshakata/.m2/repository/com/fasterxml/jackson/core/jackson-databind/2.17.2/jackson-databind-2.17.2.jar:/Users/harshakata/.m2/repository/com/fasterxml/jackson/core/jackson-annotations/2.17.2/jackson-annotations-2.17.2.jar:/Users/harshakata/.m2/repository/com/fasterxml/jackson/core/jackson-core/2.17.2/jackson-core-2.17.2.jar:/Users/harshakata/.m2/repository/org/springframework/boot/spring-boot-starter-cache/3.3.4/spring-boot-starter-cache-3.3.4.jar:"/>
    <property name="sun.cpu.endian" value="little"/>
    <property name="user.home" value="/Users/harshakata"/>
    <property name="user.language" value="en"/>
    <property name="java.specification.vendor" value="Oracle Corporation"/>
    <property name="java.version.date" value="2024-07-16"/>
    <property name="java.home" value="/Library/Java/JavaVirtualMachines/jdk-22.jdk/Contents/Home"/>
    <property name="file.separator" value="/"/>
    <property name="basedir" value="/Users/harshakata/Desktop/RestaurantFinder_"/>
    <property name="java.vm.compressedOopsMode" value="Zero based"/>
    <property name="line.separator" value="&#10;"/>
    <property name="java.vm.specification.vendor" value="Oracle Corporation"/>
    <property name="java.specification.name" value="Java Platform API Specification"/>
    <property name="FILE_LOG_CHARSET" value="UTF-8"/>
    <property name="java.awt.headless" value="true"/>
    <property name="apple.awt.application.name" value="ForkedBooter"/>
    <property name="surefire.real.class.path" value="/Users/harshakata/Desktop/RestaurantFinder_/target/surefire/surefirebooter-20241206104419111_3.jar"/>
    <property name="sun.management.compiler" value="HotSpot 64-Bit Tiered Compilers"/>
    <property name="ftp.nonProxyHosts" value="local|*.local|169.254/16|*.169.254/16"/>
    <property name="java.runtime.version" value="22.0.2+9-70"/>
    <property name="user.name" value="harshakata"/>
    <property name="stdout.encoding" value="UTF-8"/>
    <property name="path.separator" value=":"/>
    <property name="os.version" value="15.1.1"/>
    <property name="java.runtime.name" value="Java(TM) SE Runtime Environment"/>
    <property name="file.encoding" value="UTF-8"/>
    <property name="java.vm.name" value="Java HotSpot(TM) 64-Bit Server VM"/>
    <property name="localRepository" value="/Users/harshakata/.m2/repository"/>
    <property name="java.vendor.url.bug" value="https://bugreport.java.com/bugreport/"/>
    <property name="java.io.tmpdir" value="/var/folders/x1/tf8nwqh95r59pyzlmvs1ybcm0000gn/T/"/>
    <property name="com.zaxxer.hikari.pool_number" value="1"/>
    <property name="java.version" value="22.0.2"/>
    <property name="user.dir" value="/Users/harshakata/Desktop/RestaurantFinder_"/>
    <property name="os.arch" value="aarch64"/>
    <property name="java.vm.specification.name" value="Java Virtual Machine Specification"/>
    <property name="PID" value="7927"/>
    <property name="CONSOLE_LOG_CHARSET" value="UTF-8"/>
    <property name="native.encoding" value="UTF-8"/>
    <property name="java.library.path" value="/Users/harshakata/Library/Java/Extensions:/Library/Java/Extensions:/Network/Library/Java/Extensions:/System/Library/Java/Extensions:/usr/lib/java:."/>
    <property name="java.vm.info" value="mixed mode, sharing"/>
    <property name="stderr.encoding" value="UTF-8"/>
    <property name="java.vendor" value="Oracle Corporation"/>
    <property name="java.vm.version" value="22.0.2+9-70"/>
    <property name="sun.io.unicode.encoding" value="UnicodeBig"/>
    <property name="socksNonProxyHosts" value="local|*.local|169.254/16|*.169.254/16"/>
    <property name="java.class.version" value="66.0"/>
    <property name="LOGGED_APPLICATION_NAME" value="[demo] "/>
  </properties>
  <testcase name="contextLoads" classname="com.example.RestaurantFinder.RestaurantFinderTests" time="0.274">
    <system-out><![CDATA[Standard Commons Logging discovery in action with spring-jcl: please remove commons-logging.jar from classpath in order to avoid potential conflicts
10:44:19.591 [main] INFO org.springframework.test.context.support.AnnotationConfigContextLoaderUtils -- Could not detect default configuration classes for test class [com.example.RestaurantFinder.RestaurantFinderTests]: RestaurantFinderTests does not declare any static, non-private, non-final, nested classes annotated with @Configuration.
10:44:19.674 [main] INFO org.springframework.boot.test.context.SpringBootTestContextBootstrapper -- Found @SpringBootConfiguration com.example.RestaurantFinder.RestaurantFinder for test class com.example.RestaurantFinder.RestaurantFinderTests

  .   ____          _            __ _ _
 /\\ / ___'_ __ _ _(_)_ __  __ _ \ \ \ \
( ( )\___ | '_ | '_| | '_ \/ _` | \ \ \ \
 \\/  ___)| |_)| | | | | || (_| |  ) ) ) )
  '  |____| .__|_| |_|_| |_\__, | / / / /
 =========|_|==============|___/=/_/_/_/

 :: Spring Boot ::                (v3.3.4)

2024-12-06T10:44:19.895-08:00  INFO 7927 --- [demo] [           main] c.e.R.RestaurantFinderTests              : Starting RestaurantFinderTests using Java 22.0.2 with PID 7927 (started by harshakata in /Users/harshakata/Desktop/RestaurantFinder_)
2024-12-06T10:44:19.896-08:00  INFO 7927 --- [demo] [           main] c.e.R.RestaurantFinderTests              : No active profile set, falling back to 1 default profile: "default"
2024-12-06T10:44:20.148-08:00  INFO 7927 --- [demo] [           main] .s.d.r.c.RepositoryConfigurationDelegate : Bootstrapping Spring Data JPA repositories in DEFAULT mode.
2024-12-06T10:44:20.203-08:00  INFO 7927 --- [demo] [           main] .s.d.r.c.RepositoryConfigurationDelegate : Finished Spring Data repository scanning in 53 ms. Found 4 JPA repository interfaces.
2024-12-06T10:44:20.436-08:00  INFO 7927 --- [demo] [           main] o.hibernate.jpa.internal.util.LogHelper  : HHH000204: Processing PersistenceUnitInfo [name: default]
2024-12-06T10:44:20.457-08:00  INFO 7927 --- [demo] [           main] org.hibernate.Version                    : HHH000412: Hibernate ORM core version 6.5.3.Final
2024-12-06T10:44:20.468-08:00  INFO 7927 --- [demo] [           main] o.h.c.internal.RegionFactoryInitiator    : HHH000026: Second-level cache disabled
2024-12-06T10:44:20.575-08:00  INFO 7927 --- [demo] [           main] o.s.o.j.p.SpringPersistenceUnitInfo      : No LoadTimeWeaver setup: ignoring JPA class transformer
2024-12-06T10:44:20.584-08:00  INFO 7927 --- [demo] [           main] com.zaxxer.hikari.HikariDataSource       : HikariPool-1 - Starting...
2024-12-06T10:44:20.725-08:00  INFO 7927 --- [demo] [           main] com.zaxxer.hikari.pool.HikariPool        : HikariPool-1 - Added connection com.mysql.cj.jdbc.ConnectionImpl@3cf06a01
2024-12-06T10:44:20.726-08:00  INFO 7927 --- [demo] [           main] com.zaxxer.hikari.HikariDataSource       : HikariPool-1 - Start completed.
2024-12-06T10:44:20.749-08:00  WARN 7927 --- [demo] [           main] org.hibernate.orm.deprecation            : HHH90000025: MySQLDialect does not need to be specified explicitly using 'hibernate.dialect' (remove the property setting and it will be selected by default)
Hibernate: alter table restaurants modify column description TEXT
Hibernate: alter table reviews modify column comment TEXT
2024-12-06T10:44:21.148-08:00  INFO 7927 --- [demo] [           main] j.LocalContainerEntityManagerFactoryBean : Initialized JPA EntityManagerFactory for persistence unit 'default'
2024-12-06T10:44:21.289-08:00  WARN 7927 --- [demo] [           main] JpaBaseConfiguration$JpaWebConfiguration : spring.jpa.open-in-view is enabled by default. Therefore, database queries may be performed during view rendering. Explicitly configure spring.jpa.open-in-view to disable this warning
2024-12-06T10:44:21.378-08:00  INFO 7927 --- [demo] [           main] eAuthenticationProviderManagerConfigurer : Global AuthenticationManager configured with AuthenticationProvider bean with name authenticationProvider
2024-12-06T10:44:21.378-08:00  WARN 7927 --- [demo] [           main] r$InitializeUserDetailsManagerConfigurer : Global AuthenticationManager configured with an AuthenticationProvider bean. UserDetailsService beans will not be used for username/password login. Consider removing the AuthenticationProvider bean. Alternatively, consider using the UserDetailsService in a manually instantiated DaoAuthenticationProvider.
2024-12-06T10:44:21.408-08:00  INFO 7927 --- [demo] [           main] o.s.d.j.r.query.QueryEnhancerFactory     : Hibernate is in classpath; If applicable, HQL parser will be used.
2024-12-06T10:44:21.981-08:00  INFO 7927 --- [demo] [           main] o.s.b.a.w.s.WelcomePageHandlerMapping    : Adding welcome page: class path resource [static/index.html]
Hibernate: select r1_0.id,r1_0.created_at,r1_0.description,r1_0.name,r1_0.updated_at from roles r1_0 where r1_0.name=?
com.example.RestaurantFinder.model.Role@6603f03d
Hibernate: select r1_0.id,r1_0.created_at,r1_0.description,r1_0.name,r1_0.updated_at from roles r1_0 where r1_0.name=?
com.example.RestaurantFinder.model.Role@171dbfa0
Hibernate: select r1_0.id,r1_0.created_at,r1_0.description,r1_0.name,r1_0.updated_at from roles r1_0 where r1_0.name=?
com.example.RestaurantFinder.model.Role@41d2528f
2024-12-06T10:44:22.241-08:00  INFO 7927 --- [demo] [           main] c.e.R.RestaurantFinderTests              : Started RestaurantFinderTests in 2.479 seconds (process running for 3.066)
]]></system-out>
    <system-err><![CDATA[WARNING: A Java agent has been loaded dynamically (/Users/harshakata/.m2/repository/net/bytebuddy/byte-buddy-agent/1.14.19/byte-buddy-agent-1.14.19.jar)
WARNING: If a serviceability tool is in use, please run with -XX:+EnableDynamicAgentLoading to hide this warning
WARNING: If a serviceability tool is not in use, please run with -Djdk.instrument.traceUsage for more information
WARNING: Dynamic loading of agents will be disallowed by default in a future release
]]></system-err>
  </testcase>
</testsuite>